15:14:35.124 [main] INFO c.m.i.FileIO [FileIO.java:236] extract(root=/E:/Agiat_Ikazinat/Agiat_Ikazinat/robotlab/myrobotlab-1.1.1483/myrobotlab.jar, src=resource, dst=null, overwrite=false)
15:14:35.139 [main] INFO c.m.i.FileIO [FileIO.java:266] normalized extract([/E:/Agiat_Ikazinat/Agiat_Ikazinat/robotlab/myrobotlab-1.1.1483/myrobotlab.jar], [resource], [.])
15:14:35.139 [main] INFO c.m.i.FileIO [FileIO.java:282] ./resource aleady exists - not extracting
15:14:35.590 [main] INFO c.m.s.Runtime [ConfigUtils.java:117] start.yml exists true {"config":"default","enable":false,"class":"org.myrobotlab.framework.StartYml"}
15:14:35.606 [main] INFO c.m.s.Runtime [ConfigUtils.java:117] start.yml exists true {"config":"default","enable":false,"class":"org.myrobotlab.framework.StartYml"}
15:14:35.751 [main] INFO c.m.s.Runtime [Runtime.java:666] Runtime.createService runtime
15:14:35.754 [main] INFO c.m.f.Service [Service.java:620] constructing runtime
15:14:35.770 [main] INFO c.m.f.MethodCache [MethodCache.java:156] caching Runtime's 457 methods and 247 declared methods
15:14:35.841 [main] INFO c.m.f.MethodCache [MethodCache.java:202] cached Runtime 456 methods with 432 ordinal signatures in 81 ms
15:14:35.898 [main] INFO c.m.f.Registration [Registration.java:70] creating registration for runtime@tiresome-astroboy - org.myrobotlab.service.Runtime
15:14:36.029 [main] INFO c.m.s.Runtime [Runtime.java:1768] runtime@tiresome-astroboy registering at tiresome-astroboy of type org.myrobotlab.service.Runtime
15:14:39.244 [main] INFO c.m.f.r.ServiceData [ServiceData.java:192] returning cached serviceData.json from libraries\serviceData.json
15:14:39.254 [main] INFO c.m.f.r.Repo [Repo.java:95] create repo libraries
15:14:39.274 [main] INFO c.m.f.r.Repo [Repo.java:479] loading libraries\repo.json
15:14:39.543 [main] INFO c.m.f.r.Repo [Repo.java:506] finished processing libraries\repo.json
15:14:39.543 [main] INFO c.m.i.FileIO [FileIO.java:873] looking for resource framework/ivy.xml.template
15:14:39.561 [main] INFO c.m.i.FileIO [FileIO.java:873] looking for resource framework/ivysettings.xml.template
15:14:39.947 [main] INFO c.m.s.Runtime [Runtime.java:666] Runtime.createService runtime
15:14:39.951 [main] INFO c.m.f.Service [Service.java:2080] starting runtime
15:14:39.966 [main] INFO c.m.f.Registration [Registration.java:70] creating registration for runtime@tiresome-astroboy - org.myrobotlab.service.Runtime
15:14:39.985 [main] INFO c.m.s.Runtime [Runtime.java:1758] runtime@tiresome-astroboy already registered
15:14:39.985 [main] INFO c.m.i.FileIO [FileIO.java:236] extract(root=/E:/Agiat_Ikazinat/Agiat_Ikazinat/robotlab/myrobotlab-1.1.1483/myrobotlab.jar, src=resource, dst=null, overwrite=false)
15:14:39.994 [main] INFO c.m.i.FileIO [FileIO.java:266] normalized extract([/E:/Agiat_Ikazinat/Agiat_Ikazinat/robotlab/myrobotlab-1.1.1483/myrobotlab.jar], [resource], [.])
15:14:39.994 [main] INFO c.m.i.FileIO [FileIO.java:282] ./resource aleady exists - not extracting
15:14:39.994 [main] INFO c.m.p.InProcessCli [InProcessCli.java:123] starting runtime worker
15:14:41.182 [main] INFO c.m.s.Runtime [RouteTable.java:31] adding route and setting default to id tiresome-astroboy-cli uuid 6a86d151-115f-4ed0-b169-8c17eff2629b metric 10
15:14:41.188 [main] INFO c.m.f.Service [Service.java:2736] runtime new locale is en-US
15:14:41.188 [main] INFO c.m.s.Runtime [Runtime.java:3380] setLogLevel info
15:14:41.192 [main] INFO c.m.s.Runtime [Runtime.java:3383] setLogLevel info
15:14:41.194 [main] INFO c.m.f.Service [Service.java:2261] runtime info setting virtual to false
15:14:41.197 [main] INFO c.m.s.Runtime [Runtime.java:915] command line services were specified
15:14:41.197 [main] INFO c.m.s.Runtime [Runtime.java:553] services [log, Log, security, Security, webgui, WebGui, intro, Intro, python, Python]
15:14:41.197 [main] INFO c.m.s.Runtime [Runtime.java:561] attempting to invoke : log of type Log
15:14:41.199 [main] INFO c.m.s.Runtime [Runtime.java:4724] loading - log Log 0
15:14:41.275 [main] INFO c.m.s.Runtime [Runtime.java:522] check - implement - dependencies and licensing
15:14:41.278 [main] INFO c.m.s.Runtime [Runtime.java:666] Runtime.createService log
15:14:41.279 [main] INFO c.m.f.Service [Service.java:620] constructing log
15:14:41.285 [main] INFO c.m.f.MethodCache [MethodCache.java:156] caching Log's 253 methods and 36 declared methods
15:14:41.315 [main] INFO c.m.f.MethodCache [MethodCache.java:202] cached Log 251 methods with 230 ordinal signatures in 36 ms
15:14:41.323 [main] INFO c.m.f.Registration [Registration.java:70] creating registration for log@tiresome-astroboy - org.myrobotlab.service.Log
15:14:41.334 [main] INFO c.m.s.Runtime [Runtime.java:1768] log@tiresome-astroboy registering at tiresome-astroboy of type org.myrobotlab.service.Log
15:14:41.358 [main] INFO c.m.f.Service [Service.java:2080] starting log
15:14:41.360 [main] INFO c.m.s.Runtime [Runtime.java:561] attempting to invoke : security of type Security
15:14:41.360 [main] INFO c.m.s.Runtime [Runtime.java:4724] loading - security Security 0
15:14:41.398 [main] INFO c.m.s.Runtime [Runtime.java:522] check - implement - dependencies and licensing
15:14:41.399 [main] INFO c.m.s.Runtime [Runtime.java:666] Runtime.createService security
15:14:41.402 [main] INFO c.m.f.Service [Service.java:620] constructing security
15:14:41.417 [main] INFO c.m.f.MethodCache [MethodCache.java:156] caching Security's 253 methods and 37 declared methods
15:14:41.429 [main] INFO c.m.f.MethodCache [MethodCache.java:202] cached Security 252 methods with 234 ordinal signatures in 16 ms
15:14:41.429 [main] INFO c.m.f.Registration [Registration.java:70] creating registration for security@tiresome-astroboy - org.myrobotlab.service.Security
15:14:41.437 [main] INFO c.m.s.Runtime [Runtime.java:1768] security@tiresome-astroboy registering at tiresome-astroboy of type org.myrobotlab.service.Security
15:14:41.446 [main] INFO c.m.s.Security [Security.java:643] security loading secure store file data\Security\store
15:14:41.446 [main] INFO c.m.s.Security [Security.java:655] Security.loadStore file not found data\Security\store
15:14:41.458 [main] INFO c.m.f.Service [Service.java:2080] starting security
15:14:41.458 [main] INFO c.m.s.Runtime [Runtime.java:561] attempting to invoke : webgui of type WebGui
15:14:41.462 [main] INFO c.m.s.Runtime [Runtime.java:4724] loading - webgui WebGui 0
15:14:41.491 [main] INFO c.m.s.Runtime [Runtime.java:522] check - implement - dependencies and licensing
15:14:41.491 [main] INFO c.m.s.Runtime [Runtime.java:666] Runtime.createService webgui
15:14:41.520 [main] INFO c.m.f.Service [Service.java:620] constructing webgui
15:14:41.540 [main] INFO c.m.f.MethodCache [MethodCache.java:156] caching WebGui's 277 methods and 61 declared methods
15:14:41.587 [main] INFO c.m.f.MethodCache [MethodCache.java:202] cached WebGui 275 methods with 255 ordinal signatures in 66 ms
15:14:41.593 [main] INFO c.m.f.Registration [Registration.java:70] creating registration for webgui@tiresome-astroboy - org.myrobotlab.service.WebGui
15:14:41.617 [main] INFO c.m.s.Runtime [Runtime.java:1768] webgui@tiresome-astroboy registering at tiresome-astroboy of type org.myrobotlab.service.WebGui
15:14:41.633 [main] INFO c.m.f.Service [Service.java:2080] starting webgui
15:14:41.634 [main] INFO c.m.s.WebGui [WebGui.java:1009] starting webgui service....
15:14:42.276 [main] INFO o.a.c.AtmosphereFramework [AtmosphereFramework.java:606] Installed AtmosphereHandler org.atmosphere.nettosphere.Config$Builder$1 mapped to context-path: /stream
15:14:42.277 [main] INFO o.a.c.AtmosphereFramework [AtmosphereFramework.java:607] Installed the following AtmosphereInterceptor mapped to AtmosphereHandler org.atmosphere.nettosphere.Config$Builder$1
15:14:42.279 [main] INFO o.a.c.AtmosphereFramework [AtmosphereFramework.java:606] Installed AtmosphereHandler org.atmosphere.nettosphere.Config$Builder$1 mapped to context-path: /api
15:14:42.279 [main] INFO o.a.c.AtmosphereFramework [AtmosphereFramework.java:607] Installed the following AtmosphereInterceptor mapped to AtmosphereHandler org.atmosphere.nettosphere.Config$Builder$1
15:14:42.359 [main] WARN o.a.c.AtmosphereFramework [AtmosphereFramework.java:1470] SessionSupport error. Make sure you also define org.atmosphere.cpr.SessionSupport as a listener in web.xml, see https://github.com/Atmosphere/atmosphere/wiki/Enabling-HttpSession-Support
15:14:42.537 [main] INFO o.a.c.AtmosphereFramework [AtmosphereFramework.java:2838] Atmosphere is using org.atmosphere.cpr.DefaultAnnotationProcessor for processing annotation
15:14:42.543 [main] INFO o.a.c.DefaultAnnotationProcessor [DefaultAnnotationProcessor.java:151] AnnotationProcessor class org.atmosphere.cpr.DefaultAnnotationProcessor$BytecodeBasedAnnotationProcessor being used
15:14:42.698 [main] INFO o.a.u.ForkJoinPool [ForkJoinPool.java:48] Using ForkJoinPool  java.util.concurrent.ForkJoinPool. Set the org.atmosphere.cpr.broadcaster.maxAsyncWriteThreads to -1 to fully use its power.
15:14:42.728 [main] INFO o.a.c.AtmosphereFramework [AtmosphereFramework.java:1759] Installed WebSocketProtocol org.atmosphere.websocket.protocol.SimpleHttpProtocol 
15:14:42.731 [main] INFO o.a.c.AtmosphereFramework [AtmosphereFramework.java:1218] Installing Default AtmosphereInterceptors
15:14:42.734 [main] INFO o.a.c.AtmosphereFramework [AtmosphereFramework.java:1237] 	org.atmosphere.interceptor.CorsInterceptor : CORS Interceptor Support
15:14:42.734 [main] INFO o.a.c.AtmosphereFramework [AtmosphereFramework.java:1237] 	org.atmosphere.interceptor.CacheHeadersInterceptor : Default Response's Headers Interceptor
15:14:42.736 [main] INFO o.a.c.AtmosphereFramework [AtmosphereFramework.java:1237] 	org.atmosphere.interceptor.PaddingAtmosphereInterceptor : Browser Padding Interceptor Support
15:14:42.739 [main] INFO o.a.c.AtmosphereFramework [AtmosphereFramework.java:1237] 	org.atmosphere.interceptor.AndroidAtmosphereInterceptor : Android Interceptor Support
15:14:42.742 [main] INFO o.a.c.AtmosphereFramework [AtmosphereFramework.java:1237] 	org.atmosphere.interceptor.HeartbeatInterceptor : Heartbeat Interceptor Support
15:14:42.742 [main] INFO o.a.c.AtmosphereFramework [AtmosphereFramework.java:1237] 	org.atmosphere.interceptor.SSEAtmosphereInterceptor : SSE Interceptor Support
15:14:42.742 [main] INFO o.a.c.AtmosphereFramework [AtmosphereFramework.java:1237] 	org.atmosphere.interceptor.JSONPAtmosphereInterceptor : JSONP Interceptor Support
15:14:42.742 [main] INFO o.a.c.AtmosphereFramework [AtmosphereFramework.java:1237] 	org.atmosphere.interceptor.JavaScriptProtocol : Atmosphere JavaScript Protocol
15:14:42.742 [main] INFO o.a.c.AtmosphereFramework [AtmosphereFramework.java:1237] 	org.atmosphere.interceptor.WebSocketMessageSuspendInterceptor : org.atmosphere.interceptor.WebSocketMessageSuspendInterceptor
15:14:42.742 [main] INFO o.a.c.AtmosphereFramework [AtmosphereFramework.java:1237] 	org.atmosphere.interceptor.OnDisconnectInterceptor : Browser disconnection detection
15:14:42.756 [main] INFO o.a.c.AtmosphereFramework [AtmosphereFramework.java:1237] 	org.atmosphere.interceptor.IdleResourceInterceptor : org.atmosphere.interceptor.IdleResourceInterceptor
15:14:42.756 [main] INFO o.a.c.AtmosphereFramework [AtmosphereFramework.java:1227] Set org.atmosphere.cpr.AtmosphereInterceptor.disableDefaults to disable them.
15:14:42.756 [main] INFO o.a.c.AtmosphereFramework [AtmosphereFramework.java:2629] Installed AtmosphereInterceptor CORS Interceptor Support with priority FIRST_BEFORE_DEFAULT 
15:14:42.756 [main] INFO o.a.c.AtmosphereFramework [AtmosphereFramework.java:2629] Installed AtmosphereInterceptor Default Response's Headers Interceptor with priority AFTER_DEFAULT 
15:14:42.762 [main] INFO o.a.c.AtmosphereFramework [AtmosphereFramework.java:2629] Installed AtmosphereInterceptor Browser Padding Interceptor Support with priority AFTER_DEFAULT 
15:14:42.762 [main] INFO o.a.c.AtmosphereFramework [AtmosphereFramework.java:2629] Installed AtmosphereInterceptor Android Interceptor Support with priority AFTER_DEFAULT 
15:14:42.763 [main] INFO o.a.i.HeartbeatInterceptor [HeartbeatInterceptor.java:158] HeartbeatInterceptor configured with padding value 'X', client frequency 0 seconds and server frequency 60 seconds
15:14:42.763 [main] INFO o.a.c.AtmosphereFramework [AtmosphereFramework.java:2629] Installed AtmosphereInterceptor Heartbeat Interceptor Support with priority AFTER_DEFAULT 
15:14:42.763 [main] INFO o.a.c.AtmosphereFramework [AtmosphereFramework.java:2629] Installed AtmosphereInterceptor SSE Interceptor Support with priority AFTER_DEFAULT 
15:14:42.763 [main] INFO o.a.c.AtmosphereFramework [AtmosphereFramework.java:2629] Installed AtmosphereInterceptor JSONP Interceptor Support with priority AFTER_DEFAULT 
15:14:42.763 [main] INFO o.a.c.AtmosphereFramework [AtmosphereFramework.java:2629] Installed AtmosphereInterceptor Atmosphere JavaScript Protocol with priority AFTER_DEFAULT 
15:14:42.763 [main] INFO o.a.c.AtmosphereFramework [AtmosphereFramework.java:2629] Installed AtmosphereInterceptor org.atmosphere.interceptor.WebSocketMessageSuspendInterceptor with priority AFTER_DEFAULT 
15:14:42.763 [main] INFO o.a.c.AtmosphereFramework [AtmosphereFramework.java:2629] Installed AtmosphereInterceptor Browser disconnection detection with priority AFTER_DEFAULT 
15:14:42.763 [main] INFO o.a.c.AtmosphereFramework [AtmosphereFramework.java:2629] Installed AtmosphereInterceptor org.atmosphere.interceptor.IdleResourceInterceptor with priority BEFORE_DEFAULT 
15:14:42.763 [main] INFO o.a.c.AtmosphereFramework [AtmosphereFramework.java:1030] Using EndpointMapper class org.atmosphere.util.DefaultEndpointMapper
15:14:42.763 [main] WARN o.a.c.AtmosphereFramework [AtmosphereFramework.java:1036] No BroadcasterCache configured. Broadcasted message between client reconnection will be LOST. It is recommended to configure the org.atmosphere.cache.UUIDBroadcasterCache
15:14:42.771 [main] INFO o.a.c.AtmosphereFramework [AtmosphereFramework.java:1044] Default Broadcaster Class: org.atmosphere.cpr.DefaultBroadcaster
15:14:42.774 [main] INFO o.a.c.AtmosphereFramework [AtmosphereFramework.java:1045] Broadcaster Shared List Resources: false
15:14:42.775 [main] INFO o.a.c.AtmosphereFramework [AtmosphereFramework.java:1046] Broadcaster Polling Wait Time 100
15:14:42.776 [main] INFO o.a.c.AtmosphereFramework [AtmosphereFramework.java:1047] Shared ExecutorService supported: true
15:14:42.780 [main] INFO o.a.c.AtmosphereFramework [AtmosphereFramework.java:1056] Messaging ExecutorService Pool Size unavailable - Not instance of ThreadPoolExecutor
15:14:42.780 [main] INFO o.a.c.AtmosphereFramework [AtmosphereFramework.java:1063] Async I/O Thread Pool Size: 200
15:14:42.780 [main] INFO o.a.c.AtmosphereFramework [AtmosphereFramework.java:1069] Using BroadcasterFactory: org.atmosphere.cpr.DefaultBroadcasterFactory
15:14:42.780 [main] INFO o.a.c.AtmosphereFramework [AtmosphereFramework.java:1070] Using AtmosphereResurceFactory: org.atmosphere.cpr.DefaultAtmosphereResourceFactory
15:14:42.780 [main] INFO o.a.c.AtmosphereFramework [AtmosphereFramework.java:1071] Using WebSocketProcessor: org.atmosphere.websocket.DefaultWebSocketProcessor
15:14:42.796 [main] INFO o.a.c.AtmosphereFramework [AtmosphereFramework.java:1081] Invoke AtmosphereInterceptor on WebSocket message true
15:14:42.796 [main] INFO o.a.c.AtmosphereFramework [AtmosphereFramework.java:1082] HttpSession supported: true
15:14:42.796 [main] INFO o.a.c.AtmosphereFramework [AtmosphereFramework.java:1084] Atmosphere is using org.atmosphere.inject.InjectableObjectFactory for dependency injection and object creation
15:14:42.798 [main] INFO o.a.c.AtmosphereFramework [AtmosphereFramework.java:1085] Atmosphere is using async support: org.atmosphere.container.NettyCometSupport running under container: Nettosphere/3.0
15:14:42.799 [main] INFO o.a.c.AtmosphereFramework [AtmosphereFramework.java:1087] Atmosphere Framework 2.6.4 started.
15:14:42.803 [main] INFO o.a.c.AtmosphereFramework [AtmosphereFramework.java:1089] 

	For Atmosphere Framework Commercial Support, visit 
	http://www.async-io.org/ or send an email to support@async-io.org

15:14:46.372 [main] INFO o.a.n.Nettosphere [Nettosphere.java:127] NettoSphere 3.2.2 Started.
15:14:46.372 [main] INFO c.m.s.WebGui [WebGui.java:1042] WebGui webgui started on port 8888
15:14:46.380 [main] INFO c.m.f.Service [Service.java:2148] subscribe [runtime@tiresome-astroboy/registered ---> webgui@tiresome-astroboy/onRegistered]
15:14:46.380 [main] INFO c.m.f.Service [Service.java:2148] subscribe [runtime@tiresome-astroboy/released ---> webgui@tiresome-astroboy/onReleased]
15:14:46.380 [main] INFO c.m.s.WebGui [WebGui.java:1060] auto starting default browser
15:14:46.710 [main] INFO c.m.s.Runtime [Runtime.java:561] attempting to invoke : intro of type Intro
15:14:46.710 [main] INFO c.m.s.Runtime [Runtime.java:4724] loading - intro Intro 0
15:14:46.731 [main] INFO c.m.s.Runtime [Runtime.java:522] check - implement - dependencies and licensing
15:14:46.731 [main] INFO c.m.s.Runtime [Runtime.java:666] Runtime.createService intro
15:14:46.741 [main] INFO c.m.f.Service [Service.java:620] constructing intro
15:14:46.742 [main] INFO c.m.f.MethodCache [MethodCache.java:156] caching Intro's 229 methods and 8 declared methods
15:14:46.749 [main] INFO c.m.f.MethodCache [MethodCache.java:202] cached Intro 228 methods with 210 ordinal signatures in 7 ms
15:14:46.749 [main] INFO c.m.f.Registration [Registration.java:70] creating registration for intro@tiresome-astroboy - org.myrobotlab.service.Intro
15:14:46.765 [main] INFO c.m.s.Runtime [Runtime.java:1768] intro@tiresome-astroboy registering at tiresome-astroboy of type org.myrobotlab.service.Intro
15:14:46.765 [main] INFO c.m.f.Service [Service.java:2148] subscribe [runtime@tiresome-astroboy/registered ---> intro@tiresome-astroboy/registered]
15:14:46.769 [main] INFO c.m.f.Service [Service.java:2148] subscribe [runtime@tiresome-astroboy/released ---> intro@tiresome-astroboy/released]
15:14:46.769 [main] INFO c.m.f.Service [Service.java:2080] starting intro
15:14:46.771 [main] INFO c.m.s.Runtime [Runtime.java:561] attempting to invoke : python of type Python
15:14:46.778 [main] INFO c.m.s.Runtime [Runtime.java:4724] loading - python Python 0
15:14:46.836 [main] INFO c.m.s.Runtime [Runtime.java:522] check - implement - dependencies and licensing
15:14:46.847 [main] INFO c.m.s.Runtime [Runtime.java:666] Runtime.createService python
15:14:46.901 [main] INFO c.m.f.Service [Service.java:620] constructing python
15:14:46.908 [main] INFO c.m.f.MethodCache [MethodCache.java:156] caching Python's 271 methods and 57 declared methods
15:14:46.920 [main] INFO c.m.f.MethodCache [MethodCache.java:202] cached Python 269 methods with 250 ordinal signatures in 19 ms
15:14:46.927 [main] INFO c.m.f.Registration [Registration.java:70] creating registration for python@tiresome-astroboy - org.myrobotlab.service.Python
15:14:46.968 [main] INFO c.m.s.Runtime [Runtime.java:1768] python@tiresome-astroboy registering at tiresome-astroboy of type org.myrobotlab.service.Python
15:14:46.985 [main] INFO c.m.s.Python [Python.java:887] created python python
15:14:48.960 [nioEventLoopGroup-3-8] INFO c.m.s.Runtime [RouteTable.java:31] adding route and setting default to id webgui-client uuid e5780595-4281-4241-9769-c6692880e04e metric 10
15:14:49.043 [nioEventLoopGroup-3-8] INFO c.m.s.WebGui [WebGui.java:532] <-- webgui@tiresome-astroboy. --> runtime.describe(String,DescribeQuery) - 1714936489012
15:14:49.103 [runtime] INFO c.m.f.Registration [Registration.java:70] creating registration for intro@tiresome-astroboy - org.myrobotlab.service.Intro
15:14:49.117 [runtime] INFO c.m.f.Registration [Registration.java:70] creating registration for log@tiresome-astroboy - org.myrobotlab.service.Log
15:14:49.147 [runtime] INFO c.m.f.Registration [Registration.java:70] creating registration for python@tiresome-astroboy - org.myrobotlab.service.Python
15:14:49.155 [runtime] INFO c.m.f.Registration [Registration.java:70] creating registration for runtime@tiresome-astroboy - org.myrobotlab.service.Runtime
15:14:49.187 [runtime] INFO c.m.f.Registration [Registration.java:70] creating registration for security@tiresome-astroboy - org.myrobotlab.service.Security
15:14:49.195 [runtime] INFO c.m.f.Registration [Registration.java:70] creating registration for webgui@tiresome-astroboy - org.myrobotlab.service.WebGui
15:14:49.195 [runtime] INFO c.m.f.Registration [Registration.java:70] creating registration for intro@tiresome-astroboy - org.myrobotlab.service.Intro
15:14:49.195 [runtime] INFO c.m.f.Registration [Registration.java:70] creating registration for log@tiresome-astroboy - org.myrobotlab.service.Log
15:14:49.204 [runtime] INFO c.m.f.Registration [Registration.java:70] creating registration for python@tiresome-astroboy - org.myrobotlab.service.Python
15:14:49.220 [runtime] INFO c.m.f.Registration [Registration.java:70] creating registration for runtime@tiresome-astroboy - org.myrobotlab.service.Runtime
15:14:49.220 [runtime] INFO c.m.f.Registration [Registration.java:70] creating registration for security@tiresome-astroboy - org.myrobotlab.service.Security
15:14:49.241 [runtime] INFO c.m.f.Registration [Registration.java:70] creating registration for webgui@tiresome-astroboy - org.myrobotlab.service.WebGui
15:14:51.351 [main] INFO c.m.s.Python [Python.java:425] Python System Path: ['E:\\Agiat_Ikazinat\\Agiat_Ikazinat\\robotlab\\myrobotlab-1.1.1483\\libraries\\jar\\Lib', 'E:\\Agiat_Ikazinat\\Agiat_Ikazinat\\robotlab\\myrobotlab-1.1.1483\\libraries\\jar\\jython-standalone-2.7.2.jar/Lib', '__classpath__', '__pyclasspath__/', 'resource\\Python\\modules']
15:14:53.161 [main] INFO c.m.s.Python [Python.java:464] exec(String) 
import sys

class Console:

  def __init__(self):
    self.stdout = None
    self.stderr = None
    
  def write(self,string):
    if myService is not None:
        myService.invoke(u'publishStdOut', string)
    
  def attach(self):
    if (self.stdout == None):    
      self.stdout = sys.stdout
      self.stderr = sys.stderr
      sys.stdout = self
      sys.stderr = self
   
  def flush(self):
    pass
    
  def detach(self):
    if (self.stdout != None):
      sys.stdout = self.stdout
      sys.stderr = self.stderr
      self.stdout = None
      self.stderr = None
    
console = Console()
console.attach()

15:14:53.583 [main] INFO c.m.s.Python [Python.java:583] finishedExecutingScript
15:14:53.583 [main] INFO c.m.s.Python [Python.java:464] exec(String) 
from org.myrobotlab.framework import Platform
from org.myrobotlab.service import Runtime
from org.myrobotlab.framework import Service
from org.myrobotlab.service import Intro
intro = Runtime.getService("intro")

15:14:53.583 [main] INFO c.m.s.Python [Python.java:464] exec(String) 
from org.myrobotlab.framework import Platform
from org.myrobotlab.service import Runtime
from org.myrobotlab.framework import Service
from org.myrobotlab.service import Log
log = Runtime.getService("log")

15:14:53.583 [main] INFO c.m.s.Python [Python.java:464] exec(String) 
from org.myrobotlab.framework import Platform
from org.myrobotlab.service import Runtime
from org.myrobotlab.framework import Service
from org.myrobotlab.service import Security
security = Runtime.getService("security")

15:14:53.594 [main] INFO c.m.s.Python [Python.java:464] exec(String) 
from org.myrobotlab.framework import Platform
from org.myrobotlab.service import Runtime
from org.myrobotlab.framework import Service
from org.myrobotlab.service import Runtime
runtime = Runtime.getService("runtime")

15:14:53.595 [main] INFO c.m.s.Python [Python.java:464] exec(String) 
from org.myrobotlab.framework import Platform
from org.myrobotlab.service import Runtime
from org.myrobotlab.framework import Service
from org.myrobotlab.service import WebGui
webgui = Runtime.getService("webgui")

15:14:53.602 [main] INFO c.m.s.Python [Python.java:923] starting python python
15:14:53.602 [main] INFO c.m.s.Python [Python.java:925] started python python
15:14:53.602 [main] INFO c.m.s.Python [Python.java:987] Python System Path: ['E:\\Agiat_Ikazinat\\Agiat_Ikazinat\\robotlab\\myrobotlab-1.1.1483\\libraries\\jar\\Lib', 'E:\\Agiat_Ikazinat\\Agiat_Ikazinat\\robotlab\\myrobotlab-1.1.1483\\libraries\\jar\\jython-standalone-2.7.2.jar\\Lib', '__classpath__', '__pyclasspath__/', 'resource\\Python\\modules', 'resource\\Python\\modules']
15:14:53.616 [main] INFO c.m.f.Service [Service.java:2080] starting python
15:14:53.616 [python.interpreter.1] INFO c.m.s.Python [Python.java:177] script completed
15:14:53.616 [python.interpreter.1] INFO c.m.s.Python [Python.java:583] finishedExecutingScript
15:14:53.632 [python.interpreter.2] INFO c.m.s.Python [Python.java:177] script completed
15:14:53.632 [python.interpreter.4] INFO c.m.s.Python [Python.java:177] script completed
15:14:53.632 [python.interpreter.2] INFO c.m.s.Python [Python.java:583] finishedExecutingScript
15:14:53.632 [python.interpreter.4] INFO c.m.s.Python [Python.java:583] finishedExecutingScript
15:14:53.632 [main] INFO c.m.s.Python [Python.java:464] exec(String) 
from org.myrobotlab.framework import Platform
from org.myrobotlab.service import Runtime
from org.myrobotlab.framework import Service
from org.myrobotlab.service import Python
python = Runtime.getService("python")

15:14:53.640 [main] INFO c.m.s.Python [Python.java:464] exec(String) 
from org.myrobotlab.framework import Platform
from org.myrobotlab.service import Runtime
from org.myrobotlab.framework import Service
from org.myrobotlab.service import Intro
intro = Runtime.getService("intro")

15:14:53.647 [main] INFO c.m.s.Python [Python.java:464] exec(String) 
from org.myrobotlab.framework import Platform
from org.myrobotlab.service import Runtime
from org.myrobotlab.framework import Service
from org.myrobotlab.service import Log
log = Runtime.getService("log")

15:14:53.651 [main] INFO c.m.s.Python [Python.java:464] exec(String) 
from org.myrobotlab.framework import Platform
from org.myrobotlab.service import Runtime
from org.myrobotlab.framework import Service
from org.myrobotlab.service import Security
security = Runtime.getService("security")

15:14:53.651 [python.interpreter.3] INFO c.m.s.Python [Python.java:177] script completed
15:14:53.651 [python.interpreter.3] INFO c.m.s.Python [Python.java:583] finishedExecutingScript
15:14:53.651 [main] INFO c.m.s.Python [Python.java:464] exec(String) 
from org.myrobotlab.framework import Platform
from org.myrobotlab.service import Runtime
from org.myrobotlab.framework import Service
from org.myrobotlab.service import Runtime
runtime = Runtime.getService("runtime")

15:14:53.651 [main] INFO c.m.s.Python [Python.java:464] exec(String) 
from org.myrobotlab.framework import Platform
from org.myrobotlab.service import Runtime
from org.myrobotlab.framework import Service
from org.myrobotlab.service import WebGui
webgui = Runtime.getService("webgui")

15:14:53.660 [python.interpreter.5] INFO c.m.s.Python [Python.java:177] script completed
15:14:53.660 [python.interpreter.8] INFO c.m.s.Python [Python.java:177] script completed
15:14:53.664 [python.interpreter.6] INFO c.m.s.Python [Python.java:177] script completed
15:14:53.664 [python.interpreter.11] INFO c.m.s.Python [Python.java:177] script completed
15:14:53.664 [python.interpreter.5] INFO c.m.s.Python [Python.java:583] finishedExecutingScript
15:14:53.664 [python.interpreter.9] INFO c.m.s.Python [Python.java:177] script completed
15:14:53.664 [python.interpreter.8] INFO c.m.s.Python [Python.java:583] finishedExecutingScript
15:14:53.664 [python.interpreter.7] INFO c.m.s.Python [Python.java:177] script completed
15:14:53.664 [python.interpreter.11] INFO c.m.s.Python [Python.java:583] finishedExecutingScript
15:14:53.664 [python.interpreter.9] INFO c.m.s.Python [Python.java:583] finishedExecutingScript
15:14:53.664 [python.interpreter.6] INFO c.m.s.Python [Python.java:583] finishedExecutingScript
15:14:53.664 [python.interpreter.10] INFO c.m.s.Python [Python.java:177] script completed
15:14:53.670 [python.interpreter.7] INFO c.m.s.Python [Python.java:583] finishedExecutingScript
15:14:53.670 [python.interpreter.10] INFO c.m.s.Python [Python.java:583] finishedExecutingScript
15:14:54.029 [main] INFO c.m.f.Service [Service.java:2736] runtime new locale is en-US
15:14:54.038 [main] INFO c.m.s.Runtime [Runtime.java:2870] ============== args begin ==============
15:14:54.041 [main] INFO c.m.s.Runtime [Runtime.java:2880] jvmArgs [-Djava.library.path=libraries/native, -Djna.library.path=libraries/native, -Dfile.encoding=UTF-8]
15:14:54.042 [main] INFO c.m.s.Runtime [Runtime.java:2882] file.encoding UTF-8
15:14:54.042 [main] INFO c.m.s.Runtime [Runtime.java:2883] args [--log-level, info, -s, log, Log, security, Security, webgui, WebGui, intro, Intro, python, Python]
15:14:54.042 [main] INFO c.m.s.Runtime [Runtime.java:2885] ============== args end ==============
15:14:54.042 [main] INFO c.m.s.Runtime [Runtime.java:2887] ============== env begin ==============
15:14:54.042 [main] INFO c.m.s.Runtime [Runtime.java:2893] PATH not defined
15:14:54.044 [main] INFO c.m.s.Runtime [Runtime.java:2896] JAVA_HOME=E:\App\Java\jdk-1.8
15:14:54.044 [main] INFO c.m.s.Runtime [Runtime.java:2905] PROCESSOR_ARCHITECTURE=AMD64
15:14:54.044 [main] INFO c.m.s.Runtime [Runtime.java:2912] PROCESSOR_ARCHITEW6432 not defined
15:14:54.044 [main] INFO c.m.s.Runtime [Runtime.java:2914] ============== env end ==============
15:14:54.044 [main] INFO c.m.s.Runtime [Runtime.java:2916] ============== platform ==============
15:14:54.046 [main] INFO c.m.s.Runtime [Runtime.java:2918] 2024/05/05 15:14:33 - GMT - 2024/05/05 19:14:33
15:14:54.046 [main] INFO c.m.s.Runtime [Runtime.java:2919] pid 26552
15:14:54.046 [main] INFO c.m.s.Runtime [Runtime.java:2920] hostname agiat-ikazinat-onarih-le-nguyen
15:14:54.052 [main] INFO c.m.s.Runtime [Runtime.java:2921] ivy [runtime,x86.64.windows]
15:14:54.053 [main] INFO c.m.s.Runtime [Runtime.java:2922] version 1.1.1483 branch develop commit d7a0f22 build null
15:14:54.054 [main] INFO c.m.s.Runtime [Runtime.java:2924] platform manifest {Archiver-Version=Plexus Archiver, Build-Host=null, Build-Jdk=11.0.21, Build-Time=202404291738, Build-User=jenkins, Build-Version=1.1.1483, Built-By=jenkins, Created-By=Apache Maven 3.6.3, GitBranch=develop, GitBuildTime=2024-04-29T17:38:19+0000, GitBuildUserEmail=, GitBuildUserName=, GitBuildVersion=0.0.1-SNAPSHOT, GitClosestTagCommitCount=13756, GitClosestTagName=1.0.119, GitCommitId=d7a0f227fcd43dbeda4482e380bdc290ebf4b81b, GitCommitIdAbbrev=d7a0f22, GitCommitIdDescribe=1.0.119-13756-gd7a0f22, GitCommitIdDescribeShort=1.0.119-13756, GitCommitIdFull=null, GitCommitTime=2024-04-29T16:15:00+0000, GitCommitUserEmail=grog@myrobotlab.org, GitCommitUserName=supertick, GitDirty=false, GitRemoteOriginUrl=https://github.com/MyRobotLab/myrobotlab.git, GitTags=, Implementation-Version=1.1.1483, Main-Class=org.myrobotlab.service.Runtime, Major-Version=1.1.1483, Manifest-Version=1.0}
15:14:54.058 [main] INFO c.m.s.Runtime [Runtime.java:2925] platform [x86.64.windows}]
15:14:54.061 [main] INFO c.m.s.Runtime [Runtime.java:2926] version [1.1.1483]
15:14:54.063 [main] INFO c.m.s.Runtime [Runtime.java:2927] root [/E:/Agiat_Ikazinat/Agiat_Ikazinat/robotlab/myrobotlab-1.1.1483/myrobotlab.jar]
15:14:54.063 [main] INFO c.m.s.Runtime [Runtime.java:2928] cfg dir [data\.myrobotlab]
15:14:54.063 [main] INFO c.m.s.Runtime [Runtime.java:2929] sun.arch.data.model [64]
15:14:54.063 [main] INFO c.m.s.Runtime [Runtime.java:2931] ============== non-normalized ==============
15:14:54.063 [main] INFO c.m.s.Runtime [Runtime.java:2932] os.name [Windows 11] getOS [windows]
15:14:54.063 [main] INFO c.m.s.Runtime [Runtime.java:2933] os.arch [amd64] getArch [x86]
15:14:54.063 [main] INFO c.m.s.Runtime [Runtime.java:2934] os.version [10.0]
15:14:54.067 [main] INFO c.m.s.Runtime [Runtime.java:2936] java.vm.name [OpenJDK 64-Bit Server VM]
15:14:54.067 [main] INFO c.m.s.Runtime [Runtime.java:2937] java.vm.vendor [Microsoft]
15:14:54.068 [main] INFO c.m.s.Runtime [Runtime.java:2938] java.specification.version [11]
15:14:54.068 [main] INFO c.m.s.Runtime [Runtime.java:2948] file.encoding [UTF-8]
15:14:54.068 [main] INFO c.m.s.Runtime [Runtime.java:2949] Charset.defaultCharset() [UTF-8]
15:14:54.069 [main] INFO c.m.s.Runtime [Runtime.java:2950] user.language [en]
15:14:54.069 [main] INFO c.m.s.Runtime [Runtime.java:2951] user.country [US]
15:14:54.069 [main] INFO c.m.s.Runtime [Runtime.java:2952] user.variant []
15:14:54.069 [main] INFO c.m.s.Runtime [Runtime.java:2956] java.home [C:\Program Files\Microsoft\jdk-11.0.16.101-hotspot]
15:14:54.069 [main] INFO c.m.s.Runtime [Runtime.java:2958] java.library.path [libraries/native]
15:14:54.069 [main] INFO c.m.s.Runtime [Runtime.java:2959] user.dir [E:\Agiat_Ikazinat\Agiat_Ikazinat\robotlab\myrobotlab-1.1.1483]
15:14:54.069 [main] INFO c.m.s.Runtime [Runtime.java:2961] user.home [C:\Users\whale]
15:14:54.069 [main] INFO c.m.s.Runtime [Runtime.java:2962] total mem [252] Mb
15:14:54.076 [main] INFO c.m.s.Runtime [Runtime.java:2963] total free [70] Mb
15:14:54.077 [main] INFO c.m.s.Runtime [Runtime.java:2968] guessed os bitness [64]
15:14:54.078 [main] INFO c.m.s.Runtime [Runtime.java:2975] getting local repo
15:14:54.078 [main] INFO c.m.f.Registration [Registration.java:70] creating registration for runtime@tiresome-astroboy - org.myrobotlab.service.Runtime
15:14:54.100 [main] INFO c.m.s.Runtime [Runtime.java:1758] runtime@tiresome-astroboy already registered
15:14:54.100 [main] INFO c.m.i.FileIO [FileIO.java:236] extract(root=/E:/Agiat_Ikazinat/Agiat_Ikazinat/robotlab/myrobotlab-1.1.1483/myrobotlab.jar, src=resource, dst=null, overwrite=false)
15:14:54.100 [main] INFO c.m.i.FileIO [FileIO.java:266] normalized extract([/E:/Agiat_Ikazinat/Agiat_Ikazinat/robotlab/myrobotlab-1.1.1483/myrobotlab.jar], [resource], [.])
15:14:54.100 [python] INFO c.m.s.Python [Python.java:938] onCreated runtime@tiresome-astroboy
15:14:54.100 [main] INFO c.m.i.FileIO [FileIO.java:282] ./resource aleady exists - not extracting
15:14:54.100 [main] INFO c.m.s.Runtime [Runtime.java:1661] already in interactive mode
15:14:54.100 [main] INFO c.m.f.Service [Service.java:2736] runtime new locale is en-US
15:14:54.112 [main] INFO c.m.s.Runtime [Runtime.java:3380] setLogLevel info
15:14:54.112 [main] INFO c.m.s.Runtime [Runtime.java:3383] setLogLevel info
15:14:54.112 [main] INFO c.m.f.Service [Service.java:2261] runtime info setting virtual to false
15:14:54.116 [main] INFO c.m.s.Runtime [Runtime.java:915] command line services were specified
15:14:54.116 [main] INFO c.m.s.Runtime [Runtime.java:553] services [log, Log, security, Security, webgui, WebGui, intro, Intro, python, Python]
15:14:54.116 [main] INFO c.m.s.Runtime [Runtime.java:561] attempting to invoke : log of type Log
15:14:54.116 [main] INFO c.m.f.Service [Service.java:817] already have active task "flush"
15:14:54.116 [main] INFO c.m.s.Runtime [Runtime.java:561] attempting to invoke : security of type Security
15:14:54.119 [main] INFO c.m.s.Runtime [Runtime.java:561] attempting to invoke : webgui of type WebGui
15:14:54.119 [main] INFO c.m.s.WebGui [WebGui.java:1009] starting webgui service....
15:14:54.120 [main] INFO c.m.s.WebGui [WebGui.java:1021] webgui already started on port 8888
15:14:54.120 [main] INFO c.m.s.Runtime [Runtime.java:561] attempting to invoke : intro of type Intro
15:14:54.120 [main] INFO c.m.s.Runtime [Runtime.java:561] attempting to invoke : python of type Python
15:14:54.120 [main] INFO c.m.s.Python [Python.java:464] exec(String) 
from org.myrobotlab.framework import Platform
from org.myrobotlab.service import Runtime
from org.myrobotlab.framework import Service
from org.myrobotlab.service import Python
python = Runtime.getService("python")

15:14:54.124 [main] INFO c.m.s.Python [Python.java:464] exec(String) 
from org.myrobotlab.framework import Platform
from org.myrobotlab.service import Runtime
from org.myrobotlab.framework import Service
from org.myrobotlab.service import Intro
intro = Runtime.getService("intro")

15:14:54.127 [main] INFO c.m.s.Python [Python.java:464] exec(String) 
from org.myrobotlab.framework import Platform
from org.myrobotlab.service import Runtime
from org.myrobotlab.framework import Service
from org.myrobotlab.service import Log
log = Runtime.getService("log")

15:14:54.127 [main] INFO c.m.s.Python [Python.java:464] exec(String) 
from org.myrobotlab.framework import Platform
from org.myrobotlab.service import Runtime
from org.myrobotlab.framework import Service
from org.myrobotlab.service import Security
security = Runtime.getService("security")

15:14:54.129 [main] INFO c.m.s.Python [Python.java:464] exec(String) 
from org.myrobotlab.framework import Platform
from org.myrobotlab.service import Runtime
from org.myrobotlab.framework import Service
from org.myrobotlab.service import Runtime
runtime = Runtime.getService("runtime")

15:14:54.131 [main] INFO c.m.s.Python [Python.java:464] exec(String) 
from org.myrobotlab.framework import Platform
from org.myrobotlab.service import Runtime
from org.myrobotlab.framework import Service
from org.myrobotlab.service import WebGui
webgui = Runtime.getService("webgui")

15:14:54.135 [python.interpreter.12] INFO c.m.s.Python [Python.java:177] script completed
15:14:54.136 [python.interpreter.12] INFO c.m.s.Python [Python.java:583] finishedExecutingScript
15:14:54.143 [python.interpreter.16] INFO c.m.s.Python [Python.java:177] script completed
15:14:54.143 [python.interpreter.16] INFO c.m.s.Python [Python.java:583] finishedExecutingScript
15:14:54.143 [python.interpreter.15] INFO c.m.s.Python [Python.java:177] script completed
15:14:54.143 [python.interpreter.15] INFO c.m.s.Python [Python.java:583] finishedExecutingScript
15:14:54.160 [python.interpreter.13] INFO c.m.s.Python [Python.java:177] script completed
15:14:54.163 [python.interpreter.17] INFO c.m.s.Python [Python.java:177] script completed
15:14:54.163 [python.interpreter.13] INFO c.m.s.Python [Python.java:583] finishedExecutingScript
15:14:54.163 [python.interpreter.17] INFO c.m.s.Python [Python.java:583] finishedExecutingScript
15:14:54.165 [python.interpreter.14] INFO c.m.s.Python [Python.java:177] script completed
15:14:54.165 [python.interpreter.14] INFO c.m.s.Python [Python.java:583] finishedExecutingScript
15:25:13.499 [nioEventLoopGroup-3-8] INFO c.m.s.WebGui [WebGui.java:231] onDisconnect - AtmosphereResourceEventImpl{ isCancelled=true isClosedByClient=false isClosedByApplication=false isResumedOnTimeout=false throwable=null resource=null} e5780595-4281-4241-9769-c6692880e04e
15:25:13.503 [nioEventLoopGroup-3-8] INFO c.m.s.WebGui [WebGui.java:237] e5780595-4281-4241-9769-c6692880e04e is canceled
